<?xml version="1.0" encoding="UTF-8"?>
<testsuite name="com.github.verhagen.timesheet.TimeSheetLoaderTest" tests="2" skipped="0" failures="0" errors="0" timestamp="2020-12-30T11:14:25" hostname="Tjeerds-MacBook-Pro.local" time="0.007">
  <properties/>
  <testcase name="loadTimeSheet()" classname="com.github.verhagen.timesheet.TimeSheetLoaderTest" time="0.001"/>
  <testcase name="loadFiles()" classname="com.github.verhagen.timesheet.TimeSheetLoaderTest" time="0.005"/>
  <system-out><![CDATA[]]></system-out>
  <system-err><![CDATA[]]></system-err>
</testsuite>
